2026-04-07 22:55:52,418 - INFO - Epoch    | Loss    | Acc     | Prec    | FPR     | FNR    
2026-04-07 22:55:52,418 - INFO - -----------------------------------------------------------------
2026-04-07 22:56:10,900 - INFO - 1        | 0.4829  | 77.68%  | 0.59    | 0.00    | 0.98   
2026-04-07 22:56:30,286 - INFO - 2        | 0.4748  | 77.76%  | 0.57    | 0.01    | 0.95   
2026-04-07 22:56:50,169 - INFO - 3        | 0.4719  | 77.83%  | 0.58    | 0.01    | 0.95   
2026-04-07 22:57:10,550 - INFO - 4        | 0.4697  | 77.83%  | 0.58    | 0.01    | 0.95   
2026-04-07 22:57:31,499 - INFO - 5        | 0.4680  | 77.86%  | 0.59    | 0.01    | 0.95   
2026-04-07 22:57:52,089 - INFO - 6        | 0.4663  | 77.89%  | 0.58    | 0.01    | 0.94   
2026-04-07 22:58:13,386 - INFO - 7        | 0.4643  | 77.94%  | 0.60    | 0.01    | 0.94   
2026-04-07 22:58:35,774 - INFO - 8        | 0.4620  | 77.95%  | 0.60    | 0.01    | 0.94   
2026-04-07 22:58:58,184 - INFO - 9        | 0.4608  | 78.02%  | 0.61    | 0.01    | 0.93   
2026-04-07 22:59:20,937 - INFO - 10       | 0.4593  | 78.03%  | 0.60    | 0.01    | 0.93   
2026-04-07 22:59:44,410 - INFO - 11       | 0.4566  | 78.07%  | 0.60    | 0.02    | 0.92   
2026-04-07 23:00:07,252 - INFO - 12       | 0.4555  | 78.11%  | 0.59    | 0.02    | 0.91   
2026-04-07 23:00:29,798 - INFO - 13       | 0.4541  | 78.18%  | 0.60    | 0.02    | 0.91   
2026-04-07 23:00:52,345 - INFO - 14       | 0.4537  | 78.19%  | 0.59    | 0.02    | 0.90   
2026-04-07 23:01:15,010 - INFO - 15       | 0.4553  | 78.15%  | 0.59    | 0.02    | 0.91   
2026-04-07 23:01:37,976 - INFO - 16       | 0.4535  | 78.23%  | 0.60    | 0.02    | 0.90   
2026-04-07 23:02:00,890 - INFO - 17       | 0.4518  | 78.33%  | 0.60    | 0.02    | 0.89   
2026-04-07 23:02:23,294 - INFO - 18       | 0.4504  | 78.36%  | 0.60    | 0.02    | 0.88   
2026-04-07 23:02:47,436 - INFO - 19       | 0.4492  | 78.43%  | 0.60    | 0.02    | 0.88   
2026-04-07 23:03:11,095 - INFO - 20       | 0.4492  | 78.48%  | 0.60    | 0.02    | 0.87   
2026-04-07 23:03:34,243 - INFO - 21       | 0.4468  | 78.56%  | 0.60    | 0.03    | 0.86   
2026-04-07 23:03:57,621 - INFO - 22       | 0.4452  | 78.68%  | 0.60    | 0.03    | 0.85   
2026-04-07 23:04:20,809 - INFO - 23       | 0.4449  | 78.72%  | 0.61    | 0.03    | 0.85   
2026-04-07 23:04:43,956 - INFO - 24       | 0.4432  | 78.76%  | 0.61    | 0.03    | 0.84   
2026-04-07 23:05:06,693 - INFO - 25       | 0.4423  | 78.85%  | 0.61    | 0.03    | 0.84   
2026-04-07 23:05:29,321 - INFO - 26       | 0.4415  | 78.90%  | 0.61    | 0.03    | 0.83   
2026-04-07 23:05:52,581 - INFO - 27       | 0.4411  | 78.89%  | 0.62    | 0.03    | 0.84   
2026-04-07 23:06:18,414 - INFO - 28       | 0.4416  | 78.79%  | 0.61    | 0.03    | 0.84   
2026-04-07 23:06:52,702 - INFO - 29       | 0.4394  | 78.93%  | 0.61    | 0.03    | 0.83   
2026-04-07 23:07:26,966 - INFO - 30       | 0.4371  | 79.04%  | 0.62    | 0.03    | 0.83   
2026-04-07 23:08:01,157 - INFO - 31       | 0.4350  | 79.10%  | 0.63    | 0.03    | 0.82   
2026-04-07 23:08:34,610 - INFO - 32       | 0.4361  | 79.00%  | 0.62    | 0.03    | 0.83   
2026-04-07 23:09:07,465 - INFO - 33       | 0.4332  | 79.24%  | 0.64    | 0.03    | 0.82   
2026-04-07 23:09:40,438 - INFO - 34       | 0.4311  | 79.30%  | 0.63    | 0.03    | 0.81   
2026-04-07 23:10:13,740 - INFO - 35       | 0.4320  | 79.23%  | 0.64    | 0.03    | 0.82   
2026-04-07 23:10:48,114 - INFO - 36       | 0.4333  | 79.22%  | 0.63    | 0.03    | 0.81   
2026-04-07 23:11:22,570 - INFO - 37       | 0.4309  | 79.26%  | 0.63    | 0.03    | 0.81   
2026-04-07 23:11:56,217 - INFO - 38       | 0.4305  | 79.26%  | 0.63    | 0.03    | 0.81   
2026-04-07 23:12:29,360 - INFO - 39       | 0.4335  | 79.14%  | 0.63    | 0.03    | 0.82   
2026-04-07 23:13:02,324 - INFO - 40       | 0.4288  | 79.36%  | 0.63    | 0.03    | 0.80   
2026-04-07 23:13:36,086 - INFO - 41       | 0.4296  | 79.32%  | 0.64    | 0.03    | 0.81   
2026-04-07 23:14:09,266 - INFO - 42       | 0.4290  | 79.33%  | 0.64    | 0.03    | 0.81   
2026-04-07 23:14:42,196 - INFO - 43       | 0.4268  | 79.46%  | 0.64    | 0.03    | 0.80   
2026-04-07 23:15:15,135 - INFO - 44       | 0.4295  | 79.22%  | 0.63    | 0.03    | 0.82   
2026-04-07 23:15:48,093 - INFO - 45       | 0.4278  | 79.34%  | 0.63    | 0.04    | 0.80   
2026-04-07 23:16:21,758 - INFO - 46       | 0.4265  | 79.43%  | 0.64    | 0.03    | 0.81   
2026-04-07 23:16:55,042 - INFO - 47       | 0.4236  | 79.53%  | 0.64    | 0.03    | 0.80   
2026-04-07 23:17:29,582 - INFO - 48       | 0.4240  | 79.48%  | 0.64    | 0.03    | 0.80   
2026-04-07 23:18:03,984 - INFO - 49       | 0.4239  | 79.54%  | 0.65    | 0.03    | 0.81   
2026-04-07 23:18:38,032 - INFO - 50       | 0.4223  | 79.56%  | 0.65    | 0.03    | 0.80   
2026-04-07 23:19:11,221 - INFO - 51       | 0.4219  | 79.59%  | 0.65    | 0.03    | 0.80   
2026-04-07 23:19:44,790 - INFO - 52       | 0.4194  | 79.65%  | 0.65    | 0.03    | 0.80   
2026-04-07 23:20:18,322 - INFO - 53       | 0.4190  | 79.69%  | 0.65    | 0.03    | 0.79   
2026-04-07 23:20:51,387 - INFO - 54       | 0.4190  | 79.75%  | 0.66    | 0.03    | 0.80   
2026-04-07 23:21:24,476 - INFO - 55       | 0.4167  | 79.93%  | 0.67    | 0.03    | 0.78   
2026-04-07 23:21:57,704 - INFO - 56       | 0.4155  | 79.83%  | 0.66    | 0.03    | 0.78   
2026-04-07 23:22:31,338 - INFO - 57       | 0.4139  | 79.98%  | 0.67    | 0.03    | 0.78   
2026-04-07 23:23:05,535 - INFO - 58       | 0.4150  | 79.99%  | 0.67    | 0.03    | 0.78   
2026-04-07 23:23:39,351 - INFO - 59       | 0.4243  | 79.52%  | 0.64    | 0.03    | 0.79   
2026-04-07 23:24:13,006 - INFO - 60       | 0.4242  | 79.54%  | 0.64    | 0.03    | 0.80   
2026-04-07 23:24:47,026 - INFO - 61       | 0.4178  | 79.74%  | 0.65    | 0.03    | 0.79   
2026-04-07 23:25:21,172 - INFO - 62       | 0.4214  | 79.72%  | 0.65    | 0.03    | 0.79   
2026-04-07 23:25:54,942 - INFO - 63       | 0.4178  | 79.78%  | 0.65    | 0.03    | 0.78   
2026-04-07 23:26:28,463 - INFO - 64       | 0.4145  | 79.98%  | 0.66    | 0.04    | 0.77   
2026-04-07 23:27:01,569 - INFO - 65       | 0.4152  | 79.95%  | 0.65    | 0.04    | 0.77   
2026-04-07 23:27:34,394 - INFO - 66       | 0.4133  | 80.05%  | 0.66    | 0.04    | 0.76   
2026-04-07 23:28:07,715 - INFO - 67       | 0.4097  | 80.25%  | 0.67    | 0.03    | 0.76   
2026-04-07 23:28:41,522 - INFO - 68       | 0.4094  | 80.32%  | 0.67    | 0.03    | 0.76   
2026-04-07 23:29:15,518 - INFO - 69       | 0.4070  | 80.42%  | 0.68    | 0.03    | 0.76   
2026-04-07 23:29:48,750 - INFO - 70       | 0.4066  | 80.43%  | 0.68    | 0.03    | 0.75   
2026-04-07 23:30:22,096 - INFO - 71       | 0.4054  | 80.39%  | 0.68    | 0.03    | 0.75   
2026-04-07 23:30:55,444 - INFO - 72       | 0.4072  | 80.41%  | 0.68    | 0.03    | 0.76   
2026-04-07 23:31:29,087 - INFO - 73       | 0.4061  | 80.42%  | 0.68    | 0.03    | 0.76   
2026-04-07 23:32:02,328 - INFO - 74       | 0.4054  | 80.41%  | 0.68    | 0.03    | 0.76   
2026-04-07 23:32:36,285 - INFO - 75       | 0.4033  | 80.60%  | 0.69    | 0.03    | 0.75   
2026-04-07 23:33:09,463 - INFO - 76       | 0.4027  | 80.57%  | 0.69    | 0.03    | 0.75   
2026-04-07 23:33:43,487 - INFO - 77       | 0.4012  | 80.66%  | 0.69    | 0.03    | 0.75   
2026-04-07 23:34:16,871 - INFO - 78       | 0.3996  | 80.70%  | 0.69    | 0.03    | 0.74   
2026-04-07 23:34:50,857 - INFO - 79       | 0.3995  | 80.72%  | 0.69    | 0.03    | 0.74   
2026-04-07 23:35:25,431 - INFO - 80       | 0.3993  | 80.70%  | 0.69    | 0.03    | 0.74   
2026-04-07 23:35:59,139 - INFO - 81       | 0.3991  | 80.69%  | 0.68    | 0.04    | 0.74   
2026-04-07 23:36:32,965 - INFO - 82       | 0.3976  | 80.81%  | 0.69    | 0.03    | 0.74   
2026-04-07 23:37:07,503 - INFO - 83       | 0.3980  | 80.79%  | 0.69    | 0.03    | 0.74   
2026-04-07 23:37:41,259 - INFO - 84       | 0.3972  | 80.85%  | 0.70    | 0.03    | 0.74   
2026-04-07 23:38:14,654 - INFO - 85       | 0.3981  | 80.85%  | 0.69    | 0.04    | 0.73   
2026-04-07 23:38:48,297 - INFO - 86       | 0.4010  | 80.85%  | 0.69    | 0.03    | 0.73   
2026-04-07 23:39:21,911 - INFO - 87       | 0.4047  | 80.59%  | 0.68    | 0.04    | 0.74   
2026-04-07 23:39:55,407 - INFO - 88       | 0.4145  | 80.10%  | 0.66    | 0.04    | 0.76   
2026-04-07 23:40:29,222 - INFO - 89       | 0.4072  | 80.44%  | 0.67    | 0.04    | 0.74   
2026-04-07 23:41:02,952 - INFO - 90       | 0.4042  | 80.63%  | 0.68    | 0.04    | 0.74   
2026-04-07 23:41:36,158 - INFO - 91       | 0.4010  | 80.77%  | 0.68    | 0.04    | 0.73   
2026-04-07 23:42:09,407 - INFO - 92       | 0.3995  | 80.90%  | 0.69    | 0.04    | 0.72   
2026-04-07 23:42:42,649 - INFO - 93       | 0.3986  | 80.88%  | 0.69    | 0.04    | 0.73   
2026-04-07 23:43:15,943 - INFO - 94       | 0.3997  | 80.82%  | 0.69    | 0.04    | 0.73   
2026-04-07 23:43:48,780 - INFO - 95       | 0.3995  | 80.75%  | 0.69    | 0.04    | 0.73   
2026-04-07 23:44:22,160 - INFO - 96       | 0.3981  | 80.75%  | 0.68    | 0.04    | 0.73   
2026-04-07 23:44:55,039 - INFO - 97       | 0.3979  | 80.82%  | 0.69    | 0.03    | 0.73   
2026-04-07 23:45:27,964 - INFO - 98       | 0.3970  | 80.85%  | 0.69    | 0.04    | 0.73   
2026-04-07 23:46:01,391 - INFO - 99       | 0.3958  | 80.87%  | 0.69    | 0.04    | 0.73   
2026-04-07 23:46:34,688 - INFO - 100      | 0.3952  | 80.86%  | 0.69    | 0.04    | 0.73   
2026-04-07 23:47:08,321 - INFO - 101      | 0.3942  | 80.99%  | 0.69    | 0.04    | 0.72   
2026-04-07 23:47:42,090 - INFO - 102      | 0.3944  | 80.99%  | 0.70    | 0.03    | 0.73   
2026-04-07 23:48:15,619 - INFO - 103      | 0.3943  | 80.93%  | 0.69    | 0.04    | 0.72   
2026-04-07 23:48:48,651 - INFO - 104      | 0.3943  | 80.97%  | 0.69    | 0.04    | 0.72   
2026-04-07 23:49:21,689 - INFO - 105      | 0.3938  | 80.97%  | 0.69    | 0.04    | 0.72   
2026-04-07 23:49:54,955 - INFO - 106      | 0.3930  | 81.00%  | 0.69    | 0.04    | 0.72   
2026-04-07 23:50:28,097 - INFO - 107      | 0.3921  | 81.08%  | 0.70    | 0.04    | 0.72   
2026-04-07 23:51:00,966 - INFO - 108      | 0.3912  | 81.07%  | 0.69    | 0.04    | 0.71   
2026-04-07 23:51:34,074 - INFO - 109      | 0.3915  | 81.10%  | 0.70    | 0.04    | 0.72   
2026-04-07 23:52:07,168 - INFO - 110      | 0.3901  | 81.11%  | 0.69    | 0.04    | 0.71   
2026-04-07 23:52:40,487 - INFO - 111      | 0.3904  | 81.08%  | 0.69    | 0.04    | 0.71   
2026-04-07 23:53:13,063 - INFO - 112      | 0.3902  | 81.20%  | 0.70    | 0.04    | 0.71   
2026-04-07 23:53:45,709 - INFO - 113      | 0.3882  | 81.22%  | 0.70    | 0.04    | 0.71   
2026-04-07 23:54:18,218 - INFO - 114      | 0.3894  | 81.17%  | 0.70    | 0.04    | 0.71   
2026-04-07 23:54:50,976 - INFO - 115      | 0.3885  | 81.23%  | 0.70    | 0.04    | 0.71   
2026-04-07 23:55:23,575 - INFO - 116      | 0.3874  | 81.26%  | 0.70    | 0.04    | 0.70   
2026-04-07 23:55:56,017 - INFO - 117      | 0.3883  | 81.24%  | 0.70    | 0.04    | 0.71   
2026-04-07 23:56:28,516 - INFO - 118      | 0.3872  | 81.28%  | 0.70    | 0.04    | 0.70   
2026-04-07 23:57:01,047 - INFO - 119      | 0.3880  | 81.17%  | 0.70    | 0.04    | 0.71   
2026-04-07 23:57:33,447 - INFO - 120      | 0.3881  | 81.19%  | 0.70    | 0.04    | 0.71   
2026-04-07 23:58:05,485 - INFO - 121      | 0.3874  | 81.25%  | 0.69    | 0.04    | 0.69   
2026-04-07 23:58:37,389 - INFO - 122      | 0.3821  | 81.54%  | 0.71    | 0.04    | 0.69   
2026-04-07 23:59:09,187 - INFO - 123      | 0.3846  | 81.45%  | 0.70    | 0.04    | 0.70   
2026-04-07 23:59:42,066 - INFO - 124      | 0.3849  | 81.34%  | 0.70    | 0.04    | 0.70   
2026-04-08 00:00:15,238 - INFO - 125      | 0.3821  | 81.37%  | 0.70    | 0.04    | 0.70   
2026-04-08 00:00:48,350 - INFO - 126      | 0.3854  | 81.36%  | 0.70    | 0.04    | 0.70   
2026-04-08 00:01:21,082 - INFO - 127      | 0.3835  | 81.38%  | 0.69    | 0.04    | 0.69   
2026-04-08 00:01:53,673 - INFO - 128      | 0.3829  | 81.36%  | 0.69    | 0.04    | 0.69   
2026-04-08 00:02:26,197 - INFO - 129      | 0.3857  | 81.39%  | 0.70    | 0.04    | 0.70   
2026-04-08 00:02:59,279 - INFO - 130      | 0.3837  | 81.47%  | 0.70    | 0.04    | 0.69   
2026-04-08 00:03:31,946 - INFO - 131      | 0.3831  | 81.46%  | 0.70    | 0.04    | 0.69   
2026-04-08 00:04:05,205 - INFO - 132      | 0.3833  | 81.43%  | 0.70    | 0.04    | 0.69   
2026-04-08 00:04:38,435 - INFO - 133      | 0.3813  | 81.58%  | 0.70    | 0.04    | 0.69   
2026-04-08 00:05:11,569 - INFO - 134      | 0.3823  | 81.45%  | 0.69    | 0.04    | 0.69   
2026-04-08 00:05:44,325 - INFO - 135      | 0.3794  | 81.67%  | 0.70    | 0.04    | 0.68   
2026-04-08 00:06:17,447 - INFO - 136      | 0.3799  | 81.68%  | 0.70    | 0.04    | 0.67   
2026-04-08 00:06:50,478 - INFO - 137      | 0.3791  | 81.70%  | 0.70    | 0.04    | 0.68   
2026-04-08 00:07:23,760 - INFO - 138      | 0.3812  | 81.61%  | 0.70    | 0.04    | 0.68   
2026-04-08 00:07:56,902 - INFO - 139      | 0.3784  | 81.70%  | 0.70    | 0.04    | 0.67   
2026-04-08 00:08:29,854 - INFO - 140      | 0.3769  | 81.83%  | 0.70    | 0.04    | 0.67   
2026-04-08 00:09:02,952 - INFO - 141      | 0.3779  | 81.80%  | 0.70    | 0.04    | 0.67   
2026-04-08 00:09:35,653 - INFO - 142      | 0.3767  | 81.82%  | 0.69    | 0.04    | 0.66   
2026-04-08 00:10:07,955 - INFO - 143      | 0.3795  | 81.63%  | 0.70    | 0.04    | 0.68   
2026-04-08 00:10:40,345 - INFO - 144      | 0.3815  | 81.59%  | 0.70    | 0.04    | 0.68   
2026-04-08 00:11:12,571 - INFO - 145      | 0.3760  | 81.74%  | 0.70    | 0.04    | 0.67   
2026-04-08 00:11:45,183 - INFO - 146      | 0.3763  | 81.70%  | 0.70    | 0.04    | 0.67   
2026-04-08 00:12:17,960 - INFO - 147      | 0.3799  | 81.61%  | 0.70    | 0.04    | 0.68   
2026-04-08 00:12:50,426 - INFO - 148      | 0.3783  | 81.71%  | 0.70    | 0.04    | 0.67   
2026-04-08 00:13:22,821 - INFO - 149      | 0.3776  | 81.73%  | 0.70    | 0.04    | 0.67   
2026-04-08 00:13:55,316 - INFO - 150      | 0.3773  | 81.71%  | 0.70    | 0.04    | 0.67   
2026-04-08 00:14:28,415 - INFO - 151      | 0.3737  | 81.83%  | 0.70    | 0.04    | 0.66   
2026-04-08 00:15:01,379 - INFO - 152      | 0.3762  | 81.73%  | 0.70    | 0.04    | 0.67   
2026-04-08 00:15:34,179 - INFO - 153      | 0.3749  | 81.76%  | 0.70    | 0.04    | 0.67   
2026-04-08 00:16:06,835 - INFO - 154      | 0.3769  | 81.78%  | 0.70    | 0.04    | 0.66   
2026-04-08 00:16:37,316 - INFO - 155      | 0.3752  | 81.96%  | 0.71    | 0.04    | 0.66   
2026-04-08 00:17:09,498 - INFO - 156      | 0.3738  | 81.93%  | 0.70    | 0.04    | 0.66   
2026-04-08 00:17:42,455 - INFO - 157      | 0.3746  | 81.96%  | 0.70    | 0.04    | 0.66   
2026-04-08 00:18:16,086 - INFO - 158      | 0.3740  | 81.95%  | 0.70    | 0.04    | 0.66   
2026-04-08 00:18:49,295 - INFO - 159      | 0.3754  | 81.91%  | 0.70    | 0.04    | 0.66   
2026-04-08 00:19:22,344 - INFO - 160      | 0.3749  | 81.88%  | 0.71    | 0.04    | 0.67   
2026-04-08 00:19:55,369 - INFO - 161      | 0.3737  | 81.92%  | 0.70    | 0.04    | 0.66   
2026-04-08 00:20:28,726 - INFO - 162      | 0.3722  | 82.02%  | 0.71    | 0.04    | 0.66   
2026-04-08 00:21:02,204 - INFO - 163      | 0.3705  | 82.07%  | 0.71    | 0.04    | 0.65   
2026-04-08 00:21:35,514 - INFO - 164      | 0.3742  | 81.84%  | 0.70    | 0.04    | 0.66   
2026-04-08 00:22:09,198 - INFO - 165      | 0.3745  | 81.79%  | 0.70    | 0.04    | 0.66   
2026-04-08 00:22:42,591 - INFO - 166      | 0.3812  | 81.48%  | 0.68    | 0.04    | 0.67   
2026-04-08 00:23:15,635 - INFO - 167      | 0.3807  | 81.62%  | 0.69    | 0.04    | 0.67   
2026-04-08 00:23:48,052 - INFO - 168      | 0.3794  | 81.69%  | 0.70    | 0.04    | 0.67   
2026-04-08 00:24:21,156 - INFO - 169      | 0.3746  | 81.83%  | 0.70    | 0.04    | 0.66   
2026-04-08 00:24:54,099 - INFO - 170      | 0.3723  | 82.01%  | 0.70    | 0.04    | 0.66   
2026-04-08 00:25:26,936 - INFO - 171      | 0.3711  | 82.01%  | 0.70    | 0.04    | 0.65   
2026-04-08 00:25:59,326 - INFO - 172      | 0.3768  | 81.84%  | 0.70    | 0.04    | 0.67   
2026-04-08 00:26:32,184 - INFO - 173      | 0.3777  | 81.78%  | 0.70    | 0.04    | 0.66   
2026-04-08 00:27:04,795 - INFO - 174      | 0.3743  | 81.92%  | 0.70    | 0.04    | 0.66   
2026-04-08 00:27:37,243 - INFO - 175      | 0.3724  | 81.99%  | 0.70    | 0.04    | 0.65   
2026-04-08 00:28:10,070 - INFO - 176      | 0.3725  | 82.01%  | 0.70    | 0.04    | 0.65   
2026-04-08 00:28:42,774 - INFO - 177      | 0.3730  | 81.98%  | 0.70    | 0.04    | 0.65   
2026-04-08 00:29:15,439 - INFO - 178      | 0.3721  | 82.04%  | 0.71    | 0.04    | 0.65   
2026-04-08 00:29:47,939 - INFO - 179      | 0.3696  | 82.12%  | 0.71    | 0.04    | 0.65   
2026-04-08 00:30:20,773 - INFO - 180      | 0.3692  | 82.14%  | 0.71    | 0.04    | 0.65   
2026-04-08 00:30:53,587 - INFO - 181      | 0.3739  | 81.92%  | 0.70    | 0.04    | 0.66   
2026-04-08 00:31:26,687 - INFO - 182      | 0.3697  | 82.10%  | 0.70    | 0.04    | 0.65   
2026-04-08 00:31:59,948 - INFO - 183      | 0.3685  | 82.17%  | 0.71    | 0.04    | 0.65   
2026-04-08 00:32:32,484 - INFO - 184      | 0.3691  | 82.17%  | 0.71    | 0.04    | 0.64   
2026-04-08 00:33:04,980 - INFO - 185      | 0.3711  | 82.10%  | 0.70    | 0.04    | 0.65   
2026-04-08 00:33:37,536 - INFO - 186      | 0.3698  | 82.08%  | 0.70    | 0.04    | 0.65   
2026-04-08 00:34:09,941 - INFO - 187      | 0.3709  | 82.06%  | 0.70    | 0.04    | 0.65   
2026-04-08 00:34:42,373 - INFO - 188      | 0.3695  | 82.16%  | 0.71    | 0.04    | 0.65   
2026-04-08 00:35:14,181 - INFO - 189      | 0.3683  | 82.22%  | 0.71    | 0.04    | 0.65   
2026-04-08 00:35:46,130 - INFO - 190      | 0.3697  | 82.12%  | 0.70    | 0.04    | 0.65   
2026-04-08 00:36:18,080 - INFO - 191      | 0.3704  | 82.10%  | 0.70    | 0.04    | 0.65   
2026-04-08 00:36:49,395 - INFO - 192      | 0.3682  | 82.17%  | 0.71    | 0.04    | 0.64   
2026-04-08 00:37:20,748 - INFO - 193      | 0.3688  | 82.14%  | 0.71    | 0.04    | 0.65   
2026-04-08 00:37:52,305 - INFO - 194      | 0.3700  | 82.16%  | 0.71    | 0.04    | 0.65   
2026-04-08 00:38:23,966 - INFO - 195      | 0.3694  | 82.15%  | 0.71    | 0.04    | 0.65   
2026-04-08 00:38:55,264 - INFO - 196      | 0.3679  | 82.21%  | 0.72    | 0.04    | 0.65   
2026-04-08 00:39:27,240 - INFO - 197      | 0.3697  | 82.12%  | 0.71    | 0.04    | 0.65   
2026-04-08 00:39:58,582 - INFO - 198      | 0.3685  | 82.18%  | 0.71    | 0.04    | 0.65   
2026-04-08 00:40:29,977 - INFO - 199      | 0.3680  | 82.20%  | 0.71    | 0.04    | 0.65   
2026-04-08 00:41:01,525 - INFO - 200      | 0.3672  | 82.22%  | 0.71    | 0.04    | 0.64   
2026-04-08 00:41:32,964 - INFO - 201      | 0.3665  | 82.19%  | 0.71    | 0.04    | 0.64   
2026-04-08 00:42:04,190 - INFO - 202      | 0.3689  | 82.19%  | 0.71    | 0.04    | 0.65   
2026-04-08 00:42:35,380 - INFO - 203      | 0.3677  | 82.20%  | 0.71    | 0.04    | 0.65   
2026-04-08 00:43:06,519 - INFO - 204      | 0.3685  | 82.24%  | 0.71    | 0.04    | 0.64   
2026-04-08 00:43:37,769 - INFO - 205      | 0.3664  | 82.25%  | 0.71    | 0.04    | 0.65   
2026-04-08 00:44:08,835 - INFO - 206      | 0.3668  | 82.26%  | 0.71    | 0.04    | 0.65   
2026-04-08 00:44:39,957 - INFO - 207      | 0.3670  | 82.22%  | 0.71    | 0.04    | 0.64   
2026-04-08 00:45:11,015 - INFO - 208      | 0.3670  | 82.24%  | 0.71    | 0.04    | 0.65   
2026-04-08 00:45:41,983 - INFO - 209      | 0.3688  | 82.21%  | 0.71    | 0.04    | 0.64   
2026-04-08 00:46:12,963 - INFO - 210      | 0.3645  | 82.29%  | 0.71    | 0.04    | 0.64   
2026-04-08 00:46:44,200 - INFO - 211      | 0.3635  | 82.43%  | 0.71    | 0.04    | 0.64   
2026-04-08 00:47:15,048 - INFO - 212      | 0.3667  | 82.22%  | 0.71    | 0.04    | 0.64   
2026-04-08 00:47:45,788 - INFO - 213      | 0.3654  | 82.29%  | 0.72    | 0.04    | 0.65   
2026-04-08 00:48:16,990 - INFO - 214      | 0.3653  | 82.36%  | 0.72    | 0.04    | 0.64   
2026-04-08 00:48:48,118 - INFO - 215      | 0.3647  | 82.40%  | 0.72    | 0.04    | 0.64   
2026-04-08 00:49:19,130 - INFO - 216      | 0.3646  | 82.34%  | 0.71    | 0.04    | 0.64   
2026-04-08 00:49:50,423 - INFO - 217      | 0.3638  | 82.37%  | 0.71    | 0.04    | 0.64   
2026-04-08 00:50:21,233 - INFO - 218      | 0.3640  | 82.39%  | 0.72    | 0.04    | 0.64   
2026-04-08 00:50:51,817 - INFO - 219      | 0.3671  | 82.24%  | 0.71    | 0.04    | 0.65   
2026-04-08 00:51:22,571 - INFO - 220      | 0.3643  | 82.30%  | 0.71    | 0.04    | 0.64   
2026-04-08 00:51:53,777 - INFO - 221      | 0.3637  | 82.35%  | 0.72    | 0.04    | 0.64   
2026-04-08 00:52:24,637 - INFO - 222      | 0.3633  | 82.40%  | 0.72    | 0.04    | 0.64   
2026-04-08 00:52:55,574 - INFO - 223      | 0.3650  | 82.35%  | 0.71    | 0.04    | 0.64   
2026-04-08 00:53:26,258 - INFO - 224      | 0.3645  | 82.36%  | 0.72    | 0.04    | 0.64   
2026-04-08 00:53:57,263 - INFO - 225      | 0.3648  | 82.38%  | 0.71    | 0.04    | 0.64   
2026-04-08 00:54:28,136 - INFO - 226      | 0.3627  | 82.46%  | 0.72    | 0.04    | 0.64   
2026-04-08 00:54:59,082 - INFO - 227      | 0.3666  | 82.23%  | 0.71    | 0.04    | 0.65   
2026-04-08 00:55:29,759 - INFO - 228      | 0.3646  | 82.34%  | 0.71    | 0.04    | 0.64   
2026-04-08 00:56:00,639 - INFO - 229      | 0.3659  | 82.27%  | 0.71    | 0.04    | 0.65   
2026-04-08 00:56:31,646 - INFO - 230      | 0.3633  | 82.43%  | 0.72    | 0.04    | 0.64   
2026-04-08 00:57:03,032 - INFO - 231      | 0.3624  | 82.44%  | 0.72    | 0.04    | 0.64   
2026-04-08 00:57:33,956 - INFO - 232      | 0.3631  | 82.51%  | 0.72    | 0.04    | 0.63   
2026-04-08 00:58:04,659 - INFO - 233      | 0.3636  | 82.38%  | 0.71    | 0.04    | 0.64   
2026-04-08 00:58:35,206 - INFO - 234      | 0.3630  | 82.42%  | 0.71    | 0.04    | 0.63   
2026-04-08 00:59:05,772 - INFO - 235      | 0.3618  | 82.48%  | 0.72    | 0.04    | 0.63   
2026-04-08 00:59:36,382 - INFO - 236      | 0.3650  | 82.34%  | 0.71    | 0.04    | 0.64   
2026-04-08 01:00:08,036 - INFO - 237      | 0.3645  | 82.37%  | 0.72    | 0.04    | 0.64   
2026-04-08 01:00:39,758 - INFO - 238      | 0.3625  | 82.47%  | 0.72    | 0.04    | 0.63   
2026-04-08 01:01:10,707 - INFO - 239      | 0.3659  | 82.28%  | 0.71    | 0.04    | 0.65   
2026-04-08 01:01:41,444 - INFO - 240      | 0.3648  | 82.39%  | 0.71    | 0.04    | 0.64   
2026-04-08 01:02:11,891 - INFO - 241      | 0.3648  | 82.34%  | 0.71    | 0.04    | 0.64   
2026-04-08 01:02:42,417 - INFO - 242      | 0.3624  | 82.44%  | 0.71    | 0.04    | 0.63   
2026-04-08 01:03:13,223 - INFO - 243      | 0.3633  | 82.42%  | 0.72    | 0.04    | 0.64   
2026-04-08 01:03:44,203 - INFO - 244      | 0.3634  | 82.39%  | 0.72    | 0.04    | 0.64   
2026-04-08 01:04:14,947 - INFO - 245      | 0.3642  | 82.37%  | 0.71    | 0.04    | 0.64   
2026-04-08 01:04:46,211 - INFO - 246      | 0.3631  | 82.47%  | 0.72    | 0.04    | 0.64   
2026-04-08 01:05:17,014 - INFO - 247      | 0.3625  | 82.51%  | 0.72    | 0.04    | 0.63   
2026-04-08 01:05:47,225 - INFO - 248      | 0.3624  | 82.51%  | 0.72    | 0.04    | 0.63   
2026-04-08 01:06:18,169 - INFO - 249      | 0.3627  | 82.47%  | 0.72    | 0.04    | 0.64   
2026-04-08 01:06:48,697 - INFO - 250      | 0.3621  | 82.46%  | 0.72    | 0.04    | 0.64   
2026-04-08 01:07:19,714 - INFO - 251      | 0.3619  | 82.49%  | 0.72    | 0.04    | 0.63   
2026-04-08 01:07:50,452 - INFO - 252      | 0.3608  | 82.57%  | 0.72    | 0.04    | 0.63   
2026-04-08 01:08:21,307 - INFO - 253      | 0.3611  | 82.55%  | 0.72    | 0.04    | 0.63   
2026-04-08 01:08:52,217 - INFO - 254      | 0.3622  | 82.47%  | 0.72    | 0.04    | 0.63   
2026-04-08 01:09:22,878 - INFO - 255      | 0.3613  | 82.46%  | 0.72    | 0.04    | 0.63   
2026-04-08 01:09:54,017 - INFO - 256      | 0.3598  | 82.60%  | 0.72    | 0.04    | 0.63   
2026-04-08 01:10:24,565 - INFO - 257      | 0.3619  | 82.47%  | 0.72    | 0.04    | 0.64   
2026-04-08 01:10:55,071 - INFO - 258      | 0.3602  | 82.57%  | 0.72    | 0.04    | 0.63   
2026-04-08 01:11:25,556 - INFO - 259      | 0.3601  | 82.61%  | 0.72    | 0.04    | 0.63   
2026-04-08 01:11:55,756 - INFO - 260      | 0.3609  | 82.57%  | 0.72    | 0.04    | 0.63   
2026-04-08 01:12:25,873 - INFO - 261      | 0.3613  | 82.52%  | 0.72    | 0.04    | 0.63   
2026-04-08 01:12:56,002 - INFO - 262      | 0.3616  | 82.54%  | 0.72    | 0.04    | 0.63   
2026-04-08 01:13:26,408 - INFO - 263      | 0.3600  | 82.54%  | 0.72    | 0.04    | 0.63   
2026-04-08 01:13:56,834 - INFO - 264      | 0.3610  | 82.56%  | 0.72    | 0.04    | 0.63   
2026-04-08 01:14:27,859 - INFO - 265      | 0.3605  | 82.55%  | 0.72    | 0.04    | 0.63   
2026-04-08 01:14:59,155 - INFO - 266      | 0.3637  | 82.45%  | 0.72    | 0.04    | 0.64   
2026-04-08 01:15:29,937 - INFO - 267      | 0.3632  | 82.44%  | 0.72    | 0.04    | 0.64   
2026-04-08 01:16:00,556 - INFO - 268      | 0.3604  | 82.57%  | 0.72    | 0.04    | 0.63   
2026-04-08 01:16:31,367 - INFO - 269      | 0.3601  | 82.60%  | 0.72    | 0.04    | 0.63   
2026-04-08 01:17:02,073 - INFO - 270      | 0.3606  | 82.59%  | 0.72    | 0.04    | 0.63   
2026-04-08 01:17:32,906 - INFO - 271      | 0.3601  | 82.59%  | 0.72    | 0.04    | 0.63   
2026-04-08 01:18:03,775 - INFO - 272      | 0.3602  | 82.56%  | 0.72    | 0.04    | 0.63   
2026-04-08 01:18:34,634 - INFO - 273      | 0.3595  | 82.60%  | 0.72    | 0.04    | 0.63   
2026-04-08 01:19:05,680 - INFO - 274      | 0.3591  | 82.68%  | 0.72    | 0.04    | 0.63   
2026-04-08 01:19:36,486 - INFO - 275      | 0.3598  | 82.62%  | 0.72    | 0.04    | 0.63   
2026-04-08 01:20:07,355 - INFO - 276      | 0.3604  | 82.60%  | 0.72    | 0.04    | 0.63   
2026-04-08 01:20:37,972 - INFO - 277      | 0.3596  | 82.61%  | 0.72    | 0.04    | 0.63   
2026-04-08 01:21:08,959 - INFO - 278      | 0.3591  | 82.66%  | 0.72    | 0.04    | 0.63   
2026-04-08 01:21:39,896 - INFO - 279      | 0.3580  | 82.67%  | 0.72    | 0.04    | 0.63   
2026-04-08 01:22:10,469 - INFO - 280      | 0.3590  | 82.65%  | 0.72    | 0.04    | 0.63   
2026-04-08 01:22:40,812 - INFO - 281      | 0.3601  | 82.62%  | 0.72    | 0.04    | 0.63   
2026-04-08 01:23:11,683 - INFO - 282      | 0.3588  | 82.60%  | 0.72    | 0.04    | 0.63   
2026-04-08 01:23:42,524 - INFO - 283      | 0.3608  | 82.62%  | 0.72    | 0.04    | 0.63   
2026-04-08 01:24:13,208 - INFO - 284      | 0.3589  | 82.62%  | 0.72    | 0.04    | 0.63   
2026-04-08 01:24:44,013 - INFO - 285      | 0.3594  | 82.65%  | 0.72    | 0.04    | 0.63   
2026-04-08 01:25:14,719 - INFO - 286      | 0.3598  | 82.57%  | 0.72    | 0.04    | 0.63   
2026-04-08 01:25:44,970 - INFO - 287      | 0.3601  | 82.55%  | 0.72    | 0.04    | 0.64   
2026-04-08 01:26:15,241 - INFO - 288      | 0.3602  | 82.59%  | 0.72    | 0.04    | 0.63   
2026-04-08 01:26:45,656 - INFO - 289      | 0.3587  | 82.66%  | 0.72    | 0.04    | 0.63   
2026-04-08 01:27:15,913 - INFO - 290      | 0.3579  | 82.75%  | 0.73    | 0.04    | 0.63   
2026-04-08 01:27:46,584 - INFO - 291      | 0.3592  | 82.69%  | 0.72    | 0.04    | 0.63   
2026-04-08 01:28:17,677 - INFO - 292      | 0.3595  | 82.57%  | 0.72    | 0.04    | 0.63   
2026-04-08 01:28:48,528 - INFO - 293      | 0.3588  | 82.67%  | 0.72    | 0.04    | 0.63   
2026-04-08 01:29:19,728 - INFO - 294      | 0.3605  | 82.56%  | 0.72    | 0.04    | 0.63   
2026-04-08 01:29:50,644 - INFO - 295      | 0.3587  | 82.58%  | 0.72    | 0.04    | 0.63   
2026-04-08 01:30:21,020 - INFO - 296      | 0.3584  | 82.70%  | 0.72    | 0.04    | 0.62   
2026-04-08 01:30:52,041 - INFO - 297      | 0.3589  | 82.60%  | 0.72    | 0.04    | 0.63   
2026-04-08 01:31:22,937 - INFO - 298      | 0.3594  | 82.66%  | 0.72    | 0.04    | 0.63   
2026-04-08 01:31:54,295 - INFO - 299      | 0.3575  | 82.72%  | 0.72    | 0.04    | 0.62   
2026-04-08 01:32:24,505 - INFO - 300      | 0.3581  | 82.66%  | 0.72    | 0.04    | 0.63   
2026-04-08 01:53:56,914 - INFO - Epoch    | Loss    | Acc     | Prec    | FPR     | FNR    
2026-04-08 01:53:56,914 - INFO - -----------------------------------------------------------------
2026-04-08 01:54:28,365 - INFO - 1        | 0.3585  | 82.69%  | 0.72    | 0.04    | 0.63   
